
> prompt-testing-v1@1.0.0 dev
> next dev -p 3002

   ▲ Next.js 15.3.4
   - Local:        http://localhost:3002
   - Network:      http://192.168.178.57:3002

 ✓ Starting...
 ✓ Ready in 1537ms
 ○ Compiling / ...
 ✓ Compiled / in 2.2s (1456 modules)
 GET / 200 in 2426ms
 GET / 200 in 63ms
 ✓ Compiled in 1309ms (709 modules)
 GET / 200 in 94ms
 GET / 200 in 92ms
 GET / 200 in 62ms
 GET / 200 in 74ms
 GET / 200 in 74ms
 GET / 200 in 110ms
 ✓ Compiled in 287ms (709 modules)
 GET / 200 in 22ms
 ✓ Compiled in 575ms (1450 modules)
 GET / 200 in 69ms
 GET / 200 in 120ms
 ✓ Compiled in 481ms (706 modules)
 GET / 200 in 29ms
 ✓ Compiled in 435ms (706 modules)
 ✓ Compiled in 187ms (706 modules)
 GET / 200 in 100ms
 GET / 200 in 12ms
 ✓ Compiled in 413ms (1450 modules)
 GET / 200 in 106ms
 ✓ Compiled in 465ms (706 modules)
 GET / 200 in 30ms
 ✓ Compiled in 444ms (1450 modules)
 GET / 200 in 101ms
 ✓ Compiled in 519ms (706 modules)
 GET / 200 in 30ms
 ✓ Compiled in 410ms (1450 modules)
 GET / 200 in 73ms
 ✓ Compiled in 503ms (1450 modules)
 GET / 200 in 59ms
 GET / 200 in 197ms
 ✓ Compiled in 246ms (706 modules)
 GET / 200 in 17ms
 ✓ Compiled in 286ms (1450 modules)
 GET / 200 in 31ms
 ✓ Compiled in 319ms (1450 modules)
 GET / 200 in 29ms
 GET / 200 in 232ms
 ✓ Compiled in 520ms (1450 modules)
 GET / 200 in 61ms
 ✓ Compiled in 778ms (706 modules)
 GET / 200 in 42ms
 ✓ Compiled in 333ms (706 modules)
 GET / 200 in 32ms
